<?xml version="1.0" encoding="UTF-8"?>
<testsuite name="com.moodanalyser.MoodAnalyserTest" tests="1" skipped="0" failures="0" errors="0" timestamp="2020-10-08T15:22:59" hostname="DESKTOP-25DPEJS" time="0.006">
  <properties/>
  <testcase name="givenEmptyMood_ShouldThrowExecption" classname="com.moodanalyser.MoodAnalyserTest" time="0.006"/>
  <system-out><![CDATA[]]></system-out>
  <system-err><![CDATA[]]></system-err>
</testsuite>
