<?xml version="1.0" encoding="UTF-8"?>
<testsuite name="com.moodanalyser.MoodAnalyserTest" tests="2" skipped="0" failures="0" errors="0" timestamp="2020-10-06T09:05:51" hostname="DESKTOP-25DPEJS" time="0.006">
  <properties/>
  <testcase name="givenMessage_WhenSad_ShouldReturnSad" classname="com.moodanalyser.MoodAnalyserTest" time="0.006"/>
  <testcase name="givenMessage_WhenNotSad_ShouldReturnHappy" classname="com.moodanalyser.MoodAnalyserTest" time="0.0"/>
  <system-out><![CDATA[]]></system-out>
  <system-err><![CDATA[]]></system-err>
</testsuite>
